<?xml version="1.0" encoding="UTF-8"?>
<!-- Generated by org.testng.reporters.JUnitReportReporter -->
<testsuite hostname="LAPTOP-5H9QB707" failures="0" tests="1" name="runner.StaticCucumberRunner" time="58.623" errors="0" timestamp="2024-09-02T15:12:37 IST" skipped="0">
  <testcase classname="runner.StaticCucumberRunner" name="runScenario" time="58.623"/>
  <system-out/>
</testsuite> <!-- runner.StaticCucumberRunner -->
