<?xml version="1.0" encoding="UTF-8"?>
<!-- Generated by org.testng.reporters.JUnitReportReporter -->
<testsuite hostname="LAPTOP-5H9QB707" failures="0" tests="1" name="testcases.CreateIndividuals" time="32.562" errors="0" timestamp="2024-09-04T14:30:38 IST" skipped="0">
  <testcase classname="testcases.CreateIndividuals" name="verifynames" time="32.562"/>
</testsuite> <!-- testcases.CreateIndividuals -->
